{"C:\\react\\react-projekt\\src\\App.jsx": {"path":"C:\\react\\react-projekt\\src\\App.jsx","statementMap":{"0":{"start":{"line":10,"column":2},"end":{"line":20,"column":4}}},"fnMap":{"0":{"name":"App","decl":{"start":{"line":9,"column":9},"end":{"line":9,"column":12}},"loc":{"start":{"line":9,"column":15},"end":{"line":21,"column":1}},"line":9}},"branchMap":{},"s":{"0":0},"f":{"0":0},"b":{}}
,"C:\\react\\react-projekt\\src\\Index.js": {"path":"C:\\react\\react-projekt\\src\\Index.js","statementMap":{},"fnMap":{},"branchMap":{},"s":{},"f":{},"b":{}}
,"C:\\react\\react-projekt\\src\\main.jsx": {"path":"C:\\react\\react-projekt\\src\\main.jsx","statementMap":{"0":{"start":{"line":8,"column":0},"end":{"line":16,"column":2}}},"fnMap":{},"branchMap":{},"s":{"0":0},"f":{},"b":{}}
,"C:\\react\\react-projekt\\src\\components\\CharacterCard.jsx": {"path":"C:\\react\\react-projekt\\src\\components\\CharacterCard.jsx","statementMap":{"0":{"start":{"line":3,"column":22},"end":{"line":17,"column":1}},"1":{"start":{"line":4,"column":2},"end":{"line":16,"column":4}}},"fnMap":{"0":{"name":"(anonymous_0)","decl":{"start":{"line":3,"column":22},"end":{"line":3,"column":23}},"loc":{"start":{"line":3,"column":60},"end":{"line":17,"column":1}},"line":3}},"branchMap":{"0":{"loc":{"start":{"line":5,"column":32},"end":{"line":5,"column":42}},"type":"binary-expr","locations":[{"start":{"line":5,"column":32},"end":{"line":5,"column":36}},{"start":{"line":5,"column":40},"end":{"line":5,"column":42}}],"line":5},"1":{"loc":{"start":{"line":10,"column":7},"end":{"line":14,"column":7}},"type":"binary-expr","locations":[{"start":{"line":10,"column":7},"end":{"line":10,"column":18}},{"start":{"line":11,"column":8},"end":{"line":13,"column":14}}],"line":10}},"s":{"0":0,"1":0},"f":{"0":0},"b":{"0":[0,0],"1":[0,0]}}
,"C:\\react\\react-projekt\\src\\components\\Footer.jsx": {"path":"C:\\react\\react-projekt\\src\\components\\Footer.jsx","statementMap":{"0":{"start":{"line":3,"column":15},"end":{"line":72,"column":1}},"1":{"start":{"line":4,"column":2},"end":{"line":71,"column":4}}},"fnMap":{"0":{"name":"(anonymous_0)","decl":{"start":{"line":3,"column":15},"end":{"line":3,"column":16}},"loc":{"start":{"line":3,"column":21},"end":{"line":72,"column":1}},"line":3}},"branchMap":{},"s":{"0":0,"1":0},"f":{"0":0},"b":{}}
,"C:\\react\\react-projekt\\src\\components\\Navbar.jsx": {"path":"C:\\react\\react-projekt\\src\\components\\Navbar.jsx","statementMap":{"0":{"start":{"line":5,"column":15},"end":{"line":138,"column":1}},"1":{"start":{"line":6,"column":52},"end":{"line":6,"column":61}},"2":{"start":{"line":7,"column":26},"end":{"line":7,"column":41}},"3":{"start":{"line":8,"column":34},"end":{"line":8,"column":49}},"4":{"start":{"line":9,"column":18},"end":{"line":9,"column":30}},"5":{"start":{"line":10,"column":19},"end":{"line":10,"column":32}},"6":{"start":{"line":12,"column":2},"end":{"line":17,"column":9}},"7":{"start":{"line":13,"column":21},"end":{"line":13,"column":59}},"8":{"start":{"line":13,"column":27},"end":{"line":13,"column":59}},"9":{"start":{"line":14,"column":4},"end":{"line":14,"column":15}},"10":{"start":{"line":15,"column":4},"end":{"line":15,"column":48}},"11":{"start":{"line":16,"column":4},"end":{"line":16,"column":64}},"12":{"start":{"line":16,"column":17},"end":{"line":16,"column":63}},"13":{"start":{"line":19,"column":2},"end":{"line":27,"column":9}},"14":{"start":{"line":21,"column":6},"end":{"line":23,"column":7}},"15":{"start":{"line":22,"column":8},"end":{"line":22,"column":23}},"16":{"start":{"line":25,"column":4},"end":{"line":25,"column":63}},"17":{"start":{"line":26,"column":4},"end":{"line":26,"column":79}},"18":{"start":{"line":26,"column":17},"end":{"line":26,"column":78}},"19":{"start":{"line":29,"column":23},"end":{"line":33,"column":3}},"20":{"start":{"line":30,"column":4},"end":{"line":30,"column":13}},"21":{"start":{"line":31,"column":4},"end":{"line":31,"column":19}},"22":{"start":{"line":32,"column":4},"end":{"line":32,"column":37}},"23":{"start":{"line":35,"column":27},"end":{"line":38,"column":3}},"24":{"start":{"line":37,"column":4},"end":{"line":37,"column":19}},"25":{"start":{"line":40,"column":2},"end":{"line":137,"column":4}},"26":{"start":{"line":67,"column":33},"end":{"line":67,"column":51}},"27":{"start":{"line":67,"column":48},"end":{"line":67,"column":50}}},"fnMap":{"0":{"name":"(anonymous_0)","decl":{"start":{"line":5,"column":15},"end":{"line":5,"column":16}},"loc":{"start":{"line":5,"column":21},"end":{"line":138,"column":1}},"line":5},"1":{"name":"(anonymous_1)","decl":{"start":{"line":12,"column":12},"end":{"line":12,"column":13}},"loc":{"start":{"line":12,"column":18},"end":{"line":17,"column":3}},"line":12},"2":{"name":"(anonymous_2)","decl":{"start":{"line":13,"column":21},"end":{"line":13,"column":22}},"loc":{"start":{"line":13,"column":27},"end":{"line":13,"column":59}},"line":13},"3":{"name":"(anonymous_3)","decl":{"start":{"line":16,"column":11},"end":{"line":16,"column":12}},"loc":{"start":{"line":16,"column":17},"end":{"line":16,"column":63}},"line":16},"4":{"name":"(anonymous_4)","decl":{"start":{"line":19,"column":12},"end":{"line":19,"column":13}},"loc":{"start":{"line":19,"column":18},"end":{"line":27,"column":3}},"line":19},"5":{"name":"handleClickOutside","decl":{"start":{"line":20,"column":13},"end":{"line":20,"column":31}},"loc":{"start":{"line":20,"column":35},"end":{"line":24,"column":5}},"line":20},"6":{"name":"(anonymous_6)","decl":{"start":{"line":26,"column":11},"end":{"line":26,"column":12}},"loc":{"start":{"line":26,"column":17},"end":{"line":26,"column":78}},"line":26},"7":{"name":"(anonymous_7)","decl":{"start":{"line":29,"column":23},"end":{"line":29,"column":24}},"loc":{"start":{"line":29,"column":29},"end":{"line":33,"column":3}},"line":29},"8":{"name":"(anonymous_8)","decl":{"start":{"line":35,"column":27},"end":{"line":35,"column":28}},"loc":{"start":{"line":35,"column":33},"end":{"line":38,"column":3}},"line":35},"9":{"name":"(anonymous_9)","decl":{"start":{"line":67,"column":27},"end":{"line":67,"column":28}},"loc":{"start":{"line":67,"column":33},"end":{"line":67,"column":51}},"line":67},"10":{"name":"(anonymous_10)","decl":{"start":{"line":67,"column":41},"end":{"line":67,"column":42}},"loc":{"start":{"line":67,"column":48},"end":{"line":67,"column":50}},"line":67}},"branchMap":{"0":{"loc":{"start":{"line":21,"column":6},"end":{"line":23,"column":7}},"type":"if","locations":[{"start":{"line":21,"column":6},"end":{"line":23,"column":7}},{"start":{},"end":{}}],"line":21},"1":{"loc":{"start":{"line":21,"column":10},"end":{"line":21,"column":64}},"type":"binary-expr","locations":[{"start":{"line":21,"column":10},"end":{"line":21,"column":25}},{"start":{"line":21,"column":29},"end":{"line":21,"column":64}}],"line":21},"2":{"loc":{"start":{"line":41,"column":30},"end":{"line":41,"column":64}},"type":"cond-expr","locations":[{"start":{"line":41,"column":41},"end":{"line":41,"column":59}},{"start":{"line":41,"column":62},"end":{"line":41,"column":64}}],"line":41},"3":{"loc":{"start":{"line":61,"column":13},"end":{"line":132,"column":13}},"type":"cond-expr","locations":[{"start":{"line":62,"column":14},"end":{"line":62,"column":58}},{"start":{"line":64,"column":14},"end":{"line":131,"column":17}}],"line":61},"4":{"loc":{"start":{"line":77,"column":19},"end":{"line":77,"column":39}},"type":"binary-expr","locations":[{"start":{"line":77,"column":19},"end":{"line":77,"column":27}},{"start":{"line":77,"column":31},"end":{"line":77,"column":39}}],"line":77},"5":{"loc":{"start":{"line":80,"column":17},"end":{"line":130,"column":17}},"type":"binary-expr","locations":[{"start":{"line":80,"column":17},"end":{"line":80,"column":21}},{"start":{"line":81,"column":18},"end":{"line":129,"column":24}}],"line":80},"6":{"loc":{"start":{"line":94,"column":21},"end":{"line":112,"column":21}},"type":"binary-expr","locations":[{"start":{"line":94,"column":21},"end":{"line":94,"column":28}},{"start":{"line":95,"column":22},"end":{"line":111,"column":31}}],"line":94}},"s":{"0":0,"1":0,"2":0,"3":0,"4":0,"5":0,"6":0,"7":0,"8":0,"9":0,"10":0,"11":0,"12":0,"13":0,"14":0,"15":0,"16":0,"17":0,"18":0,"19":0,"20":0,"21":0,"22":0,"23":0,"24":0,"25":0,"26":0,"27":0},"f":{"0":0,"1":0,"2":0,"3":0,"4":0,"5":0,"6":0,"7":0,"8":0,"9":0,"10":0},"b":{"0":[0,0],"1":[0,0],"2":[0,0],"3":[0,0],"4":[0,0],"5":[0,0],"6":[0,0]}}
,"C:\\react\\react-projekt\\src\\components\\NewsSection.jsx": {"path":"C:\\react\\react-projekt\\src\\components\\NewsSection.jsx","statementMap":{"0":{"start":{"line":6,"column":2},"end":{"line":16,"column":3}},"1":{"start":{"line":7,"column":17},"end":{"line":7,"column":28}},"2":{"start":{"line":8,"column":4},"end":{"line":8,"column":48}},"3":{"start":{"line":8,"column":38},"end":{"line":8,"column":48}},"4":{"start":{"line":9,"column":4},"end":{"line":13,"column":7}},"5":{"start":{"line":15,"column":4},"end":{"line":15,"column":14}},"6":{"start":{"line":20,"column":29},"end":{"line":20,"column":38}},"7":{"start":{"line":22,"column":28},"end":{"line":22,"column":40}},"8":{"start":{"line":23,"column":32},"end":{"line":23,"column":46}},"9":{"start":{"line":25,"column":28},"end":{"line":25,"column":40}},"10":{"start":{"line":26,"column":26},"end":{"line":26,"column":38}},"11":{"start":{"line":28,"column":28},"end":{"line":28,"column":40}},"12":{"start":{"line":29,"column":30},"end":{"line":29,"column":45}},"13":{"start":{"line":31,"column":23},"end":{"line":47,"column":13}},"14":{"start":{"line":32,"column":16},"end":{"line":32,"column":54}},"15":{"start":{"line":34,"column":4},"end":{"line":44,"column":7}},"16":{"start":{"line":35,"column":17},"end":{"line":37,"column":17}},"17":{"start":{"line":39,"column":17},"end":{"line":41,"column":17}},"18":{"start":{"line":43,"column":6},"end":{"line":43,"column":21}},"19":{"start":{"line":46,"column":4},"end":{"line":46,"column":27}},"20":{"start":{"line":50,"column":4},"end":{"line":50,"column":17}},"21":{"start":{"line":51,"column":4},"end":{"line":51,"column":21}},"22":{"start":{"line":53,"column":4},"end":{"line":61,"column":5}},"23":{"start":{"line":54,"column":19},"end":{"line":54,"column":34}},"24":{"start":{"line":55,"column":6},"end":{"line":55,"column":63}},"25":{"start":{"line":57,"column":6},"end":{"line":57,"column":46}},"26":{"start":{"line":58,"column":6},"end":{"line":58,"column":66}},"27":{"start":{"line":60,"column":6},"end":{"line":60,"column":24}},"28":{"start":{"line":64,"column":2},"end":{"line":66,"column":9}},"29":{"start":{"line":65,"column":4},"end":{"line":65,"column":14}},"30":{"start":{"line":69,"column":4},"end":{"line":69,"column":23}},"31":{"start":{"line":70,"column":4},"end":{"line":70,"column":17}},"32":{"start":{"line":72,"column":4},"end":{"line":75,"column":5}},"33":{"start":{"line":73,"column":6},"end":{"line":73,"column":53}},"34":{"start":{"line":74,"column":6},"end":{"line":74,"column":13}},"35":{"start":{"line":77,"column":4},"end":{"line":80,"column":5}},"36":{"start":{"line":78,"column":6},"end":{"line":78,"column":51}},"37":{"start":{"line":79,"column":6},"end":{"line":79,"column":13}},"38":{"start":{"line":82,"column":4},"end":{"line":85,"column":5}},"39":{"start":{"line":83,"column":6},"end":{"line":83,"column":55}},"40":{"start":{"line":84,"column":6},"end":{"line":84,"column":13}},"41":{"start":{"line":87,"column":4},"end":{"line":98,"column":5}},"42":{"start":{"line":88,"column":6},"end":{"line":88,"column":22}},"43":{"start":{"line":89,"column":6},"end":{"line":89,"column":57}},"44":{"start":{"line":90,"column":6},"end":{"line":90,"column":19}},"45":{"start":{"line":91,"column":6},"end":{"line":91,"column":18}},"46":{"start":{"line":92,"column":6},"end":{"line":92,"column":22}},"47":{"start":{"line":94,"column":6},"end":{"line":94,"column":47}},"48":{"start":{"line":95,"column":6},"end":{"line":95,"column":64}},"49":{"start":{"line":97,"column":6},"end":{"line":97,"column":23}},"50":{"start":{"line":102,"column":4},"end":{"line":102,"column":17}},"51":{"start":{"line":104,"column":4},"end":{"line":107,"column":5}},"52":{"start":{"line":105,"column":6},"end":{"line":105,"column":53}},"53":{"start":{"line":106,"column":6},"end":{"line":106,"column":13}},"54":{"start":{"line":109,"column":4},"end":{"line":112,"column":5}},"55":{"start":{"line":110,"column":6},"end":{"line":110,"column":51}},"56":{"start":{"line":111,"column":6},"end":{"line":111,"column":13}},"57":{"start":{"line":114,"column":4},"end":{"line":120,"column":5}},"58":{"start":{"line":115,"column":6},"end":{"line":115,"column":34}},"59":{"start":{"line":116,"column":6},"end":{"line":116,"column":68}},"60":{"start":{"line":116,"column":25},"end":{"line":116,"column":66}},"61":{"start":{"line":116,"column":44},"end":{"line":116,"column":65}},"62":{"start":{"line":118,"column":6},"end":{"line":118,"column":54}},"63":{"start":{"line":119,"column":6},"end":{"line":119,"column":61}},"64":{"start":{"line":123,"column":2},"end":{"line":213,"column":4}},"65":{"start":{"line":143,"column":31},"end":{"line":143,"column":55}},"66":{"start":{"line":154,"column":31},"end":{"line":154,"column":54}},"67":{"start":{"line":179,"column":23},"end":{"line":179,"column":35}},"68":{"start":{"line":181,"column":14},"end":{"line":181,"column":96}},"69":{"start":{"line":182,"column":29},"end":{"line":182,"column":53}},"70":{"start":{"line":183,"column":28},"end":{"line":183,"column":76}},"71":{"start":{"line":185,"column":12},"end":{"line":208,"column":14}},"72":{"start":{"line":193,"column":35},"end":{"line":193,"column":47}}},"fnMap":{"0":{"name":"formatHuDate","decl":{"start":{"line":5,"column":9},"end":{"line":5,"column":21}},"loc":{"start":{"line":5,"column":25},"end":{"line":17,"column":1}},"line":5},"1":{"name":"NewsSection","decl":{"start":{"line":19,"column":24},"end":{"line":19,"column":35}},"loc":{"start":{"line":19,"column":38},"end":{"line":214,"column":1}},"line":19},"2":{"name":"(anonymous_2)","decl":{"start":{"line":31,"column":31},"end":{"line":31,"column":32}},"loc":{"start":{"line":31,"column":37},"end":{"line":47,"column":3}},"line":31},"3":{"name":"(anonymous_3)","decl":{"start":{"line":34,"column":13},"end":{"line":34,"column":14}},"loc":{"start":{"line":34,"column":23},"end":{"line":44,"column":5}},"line":34},"4":{"name":"refresh","decl":{"start":{"line":49,"column":17},"end":{"line":49,"column":24}},"loc":{"start":{"line":49,"column":27},"end":{"line":62,"column":3}},"line":49},"5":{"name":"(anonymous_5)","decl":{"start":{"line":64,"column":12},"end":{"line":64,"column":13}},"loc":{"start":{"line":64,"column":18},"end":{"line":66,"column":3}},"line":64},"6":{"name":"onAdd","decl":{"start":{"line":68,"column":17},"end":{"line":68,"column":22}},"loc":{"start":{"line":68,"column":26},"end":{"line":99,"column":3}},"line":68},"7":{"name":"onDelete","decl":{"start":{"line":101,"column":17},"end":{"line":101,"column":25}},"loc":{"start":{"line":101,"column":30},"end":{"line":121,"column":3}},"line":101},"8":{"name":"(anonymous_8)","decl":{"start":{"line":116,"column":15},"end":{"line":116,"column":16}},"loc":{"start":{"line":116,"column":25},"end":{"line":116,"column":66}},"line":116},"9":{"name":"(anonymous_9)","decl":{"start":{"line":116,"column":37},"end":{"line":116,"column":38}},"loc":{"start":{"line":116,"column":44},"end":{"line":116,"column":65}},"line":116},"10":{"name":"(anonymous_10)","decl":{"start":{"line":143,"column":24},"end":{"line":143,"column":25}},"loc":{"start":{"line":143,"column":31},"end":{"line":143,"column":55}},"line":143},"11":{"name":"(anonymous_11)","decl":{"start":{"line":154,"column":24},"end":{"line":154,"column":25}},"loc":{"start":{"line":154,"column":31},"end":{"line":154,"column":54}},"line":154},"12":{"name":"(anonymous_12)","decl":{"start":{"line":178,"column":28},"end":{"line":178,"column":29}},"loc":{"start":{"line":178,"column":35},"end":{"line":209,"column":11}},"line":178},"13":{"name":"(anonymous_13)","decl":{"start":{"line":193,"column":29},"end":{"line":193,"column":30}},"loc":{"start":{"line":193,"column":35},"end":{"line":193,"column":47}},"line":193}},"branchMap":{"0":{"loc":{"start":{"line":8,"column":4},"end":{"line":8,"column":48}},"type":"if","locations":[{"start":{"line":8,"column":4},"end":{"line":8,"column":48}},{"start":{},"end":{}}],"line":8},"1":{"loc":{"start":{"line":32,"column":16},"end":{"line":32,"column":54}},"type":"cond-expr","locations":[{"start":{"line":32,"column":39},"end":{"line":32,"column":49}},{"start":{"line":32,"column":52},"end":{"line":32,"column":54}}],"line":32},"2":{"loc":{"start":{"line":36,"column":8},"end":{"line":36,"column":95}},"type":"binary-expr","locations":[{"start":{"line":36,"column":8},"end":{"line":36,"column":22}},{"start":{"line":36,"column":26},"end":{"line":36,"column":40}},{"start":{"line":36,"column":44},"end":{"line":36,"column":55}},{"start":{"line":36,"column":59},"end":{"line":36,"column":70}},{"start":{"line":36,"column":74},"end":{"line":36,"column":80}},{"start":{"line":36,"column":84},"end":{"line":36,"column":90}},{"start":{"line":36,"column":94},"end":{"line":36,"column":95}}],"line":36},"3":{"loc":{"start":{"line":40,"column":8},"end":{"line":40,"column":95}},"type":"binary-expr","locations":[{"start":{"line":40,"column":8},"end":{"line":40,"column":22}},{"start":{"line":40,"column":26},"end":{"line":40,"column":40}},{"start":{"line":40,"column":44},"end":{"line":40,"column":55}},{"start":{"line":40,"column":59},"end":{"line":40,"column":70}},{"start":{"line":40,"column":74},"end":{"line":40,"column":80}},{"start":{"line":40,"column":84},"end":{"line":40,"column":90}},{"start":{"line":40,"column":94},"end":{"line":40,"column":95}}],"line":40},"4":{"loc":{"start":{"line":55,"column":15},"end":{"line":55,"column":61}},"type":"cond-expr","locations":[{"start":{"line":55,"column":37},"end":{"line":55,"column":41}},{"start":{"line":55,"column":44},"end":{"line":55,"column":61}}],"line":55},"5":{"loc":{"start":{"line":55,"column":44},"end":{"line":55,"column":61}},"type":"binary-expr","locations":[{"start":{"line":55,"column":44},"end":{"line":55,"column":55}},{"start":{"line":55,"column":59},"end":{"line":55,"column":61}}],"line":55},"6":{"loc":{"start":{"line":58,"column":15},"end":{"line":58,"column":64}},"type":"binary-expr","locations":[{"start":{"line":58,"column":15},"end":{"line":58,"column":25}},{"start":{"line":58,"column":29},"end":{"line":58,"column":64}}],"line":58},"7":{"loc":{"start":{"line":72,"column":4},"end":{"line":75,"column":5}},"type":"if","locations":[{"start":{"line":72,"column":4},"end":{"line":75,"column":5}},{"start":{},"end":{}}],"line":72},"8":{"loc":{"start":{"line":77,"column":4},"end":{"line":80,"column":5}},"type":"if","locations":[{"start":{"line":77,"column":4},"end":{"line":80,"column":5}},{"start":{},"end":{}}],"line":77},"9":{"loc":{"start":{"line":82,"column":4},"end":{"line":85,"column":5}},"type":"if","locations":[{"start":{"line":82,"column":4},"end":{"line":85,"column":5}},{"start":{},"end":{}}],"line":82},"10":{"loc":{"start":{"line":82,"column":8},"end":{"line":82,"column":37}},"type":"binary-expr","locations":[{"start":{"line":82,"column":8},"end":{"line":82,"column":21}},{"start":{"line":82,"column":25},"end":{"line":82,"column":37}}],"line":82},"11":{"loc":{"start":{"line":95,"column":15},"end":{"line":95,"column":62}},"type":"binary-expr","locations":[{"start":{"line":95,"column":15},"end":{"line":95,"column":25}},{"start":{"line":95,"column":29},"end":{"line":95,"column":62}}],"line":95},"12":{"loc":{"start":{"line":104,"column":4},"end":{"line":107,"column":5}},"type":"if","locations":[{"start":{"line":104,"column":4},"end":{"line":107,"column":5}},{"start":{},"end":{}}],"line":104},"13":{"loc":{"start":{"line":109,"column":4},"end":{"line":112,"column":5}},"type":"if","locations":[{"start":{"line":109,"column":4},"end":{"line":112,"column":5}},{"start":{},"end":{}}],"line":109},"14":{"loc":{"start":{"line":116,"column":45},"end":{"line":116,"column":57}},"type":"binary-expr","locations":[{"start":{"line":116,"column":45},"end":{"line":116,"column":49}},{"start":{"line":116,"column":53},"end":{"line":116,"column":57}}],"line":116},"15":{"loc":{"start":{"line":119,"column":15},"end":{"line":119,"column":59}},"type":"binary-expr","locations":[{"start":{"line":119,"column":15},"end":{"line":119,"column":25}},{"start":{"line":119,"column":29},"end":{"line":119,"column":59}}],"line":119},"16":{"loc":{"start":{"line":127,"column":9},"end":{"line":127,"column":71}},"type":"cond-expr","locations":[{"start":{"line":127,"column":19},"end":{"line":127,"column":64}},{"start":{"line":127,"column":67},"end":{"line":127,"column":71}}],"line":127},"17":{"loc":{"start":{"line":130,"column":7},"end":{"line":134,"column":14}},"type":"cond-expr","locations":[{"start":{"line":131,"column":8},"end":{"line":133,"column":12}},{"start":{"line":134,"column":10},"end":{"line":134,"column":14}}],"line":130},"18":{"loc":{"start":{"line":136,"column":7},"end":{"line":170,"column":14}},"type":"cond-expr","locations":[{"start":{"line":137,"column":8},"end":{"line":169,"column":15}},{"start":{"line":170,"column":10},"end":{"line":170,"column":14}}],"line":136},"19":{"loc":{"start":{"line":163,"column":24},"end":{"line":163,"column":63}},"type":"binary-expr","locations":[{"start":{"line":163,"column":24},"end":{"line":163,"column":30}},{"start":{"line":163,"column":34},"end":{"line":163,"column":47}},{"start":{"line":163,"column":51},"end":{"line":163,"column":63}}],"line":163},"20":{"loc":{"start":{"line":165,"column":15},"end":{"line":165,"column":49}},"type":"cond-expr","locations":[{"start":{"line":165,"column":24},"end":{"line":165,"column":35}},{"start":{"line":165,"column":38},"end":{"line":165,"column":49}}],"line":165},"21":{"loc":{"start":{"line":172,"column":7},"end":{"line":211,"column":7}},"type":"cond-expr","locations":[{"start":{"line":173,"column":8},"end":{"line":173,"column":53}},{"start":{"line":174,"column":10},"end":{"line":211,"column":7}}],"line":172},"22":{"loc":{"start":{"line":174,"column":10},"end":{"line":211,"column":7}},"type":"cond-expr","locations":[{"start":{"line":175,"column":8},"end":{"line":175,"column":62}},{"start":{"line":177,"column":8},"end":{"line":210,"column":14}}],"line":174},"23":{"loc":{"start":{"line":179,"column":23},"end":{"line":179,"column":35}},"type":"binary-expr","locations":[{"start":{"line":179,"column":23},"end":{"line":179,"column":27}},{"start":{"line":179,"column":31},"end":{"line":179,"column":35}}],"line":179},"24":{"loc":{"start":{"line":181,"column":14},"end":{"line":181,"column":96}},"type":"binary-expr","locations":[{"start":{"line":181,"column":14},"end":{"line":181,"column":28}},{"start":{"line":181,"column":32},"end":{"line":181,"column":46}},{"start":{"line":181,"column":50},"end":{"line":181,"column":61}},{"start":{"line":181,"column":65},"end":{"line":181,"column":76}},{"start":{"line":181,"column":80},"end":{"line":181,"column":86}},{"start":{"line":181,"column":90},"end":{"line":181,"column":96}}],"line":181},"25":{"loc":{"start":{"line":182,"column":29},"end":{"line":182,"column":53}},"type":"binary-expr","locations":[{"start":{"line":182,"column":29},"end":{"line":182,"column":36}},{"start":{"line":182,"column":40},"end":{"line":182,"column":47}},{"start":{"line":182,"column":51},"end":{"line":182,"column":53}}],"line":182},"26":{"loc":{"start":{"line":183,"column":28},"end":{"line":183,"column":76}},"type":"binary-expr","locations":[{"start":{"line":183,"column":28},"end":{"line":183,"column":34}},{"start":{"line":183,"column":38},"end":{"line":183,"column":44}},{"start":{"line":183,"column":48},"end":{"line":183,"column":57}},{"start":{"line":183,"column":61},"end":{"line":183,"column":70}},{"start":{"line":183,"column":74},"end":{"line":183,"column":76}}],"line":183},"27":{"loc":{"start":{"line":189,"column":17},"end":{"line":199,"column":24}},"type":"cond-expr","locations":[{"start":{"line":190,"column":18},"end":{"line":198,"column":27}},{"start":{"line":199,"column":20},"end":{"line":199,"column":24}}],"line":189},"28":{"loc":{"start":{"line":202,"column":46},"end":{"line":202,"column":82}},"type":"cond-expr","locations":[{"start":{"line":202,"column":56},"end":{"line":202,"column":77}},{"start":{"line":202,"column":80},"end":{"line":202,"column":82}}],"line":202}},"s":{"0":11,"1":11,"2":11,"3":1,"4":10,"5":0,"6":70,"7":70,"8":70,"9":70,"10":70,"11":70,"12":70,"13":70,"14":27,"15":27,"16":6,"17":6,"18":6,"19":27,"20":17,"21":17,"22":17,"23":17,"24":15,"25":1,"26":1,"27":16,"28":70,"29":15,"30":4,"31":4,"32":4,"33":0,"34":0,"35":4,"36":0,"37":0,"38":4,"39":0,"40":0,"41":4,"42":4,"43":4,"44":2,"45":2,"46":2,"47":1,"48":1,"49":3,"50":1,"51":1,"52":0,"53":0,"54":1,"55":0,"56":0,"57":1,"58":1,"59":1,"60":1,"61":1,"62":0,"63":0,"64":70,"65":13,"66":21,"67":11,"68":11,"69":11,"70":11,"71":11,"72":1},"f":{"0":11,"1":70,"2":27,"3":6,"4":17,"5":15,"6":4,"7":1,"8":1,"9":1,"10":13,"11":21,"12":11,"13":1},"b":{"0":[1,10],"1":[27,0],"2":[6,0,0,0,0,0,0],"3":[6,0,0,0,0,0,0],"4":[15,0],"5":[0,0],"6":[1,0],"7":[0,4],"8":[0,4],"9":[0,4],"10":[4,4],"11":[1,0],"12":[0,1],"13":[0,1],"14":[1,0],"15":[0,0],"16":[55,15],"17":[2,68],"18":[55,15],"19":[55,51,35],"20":[4,51],"21":[15,55],"22":[48,7],"23":[11,1],"24":[11,1,0,0,0,0],"25":[11,1,0],"26":[11,1,0,0,0],"27":[2,9],"28":[11,0]},"_coverageSchema":"1a1c01bbd47fc00a2c39e90264f33305004495a9","hash":"646d81712854d76a30bf59291b62a112a6153afa"}
,"C:\\react\\react-projekt\\src\\components\\TabForm.jsx": {"path":"C:\\react\\react-projekt\\src\\components\\TabForm.jsx","statementMap":{"0":{"start":{"line":5,"column":16},"end":{"line":5,"column":22}},"1":{"start":{"line":8,"column":13},"end":{"line":8,"column":50}},"2":{"start":{"line":10,"column":2},"end":{"line":20,"column":3}},"3":{"start":{"line":11,"column":20},"end":{"line":11,"column":54}},"4":{"start":{"line":11,"column":49},"end":{"line":11,"column":53}},"5":{"start":{"line":13,"column":4},"end":{"line":13,"column":49}},"6":{"start":{"line":13,"column":26},"end":{"line":13,"column":49}},"7":{"start":{"line":14,"column":4},"end":{"line":14,"column":72}},"8":{"start":{"line":14,"column":40},"end":{"line":14,"column":72}},"9":{"start":{"line":15,"column":4},"end":{"line":17,"column":5}},"10":{"start":{"line":16,"column":6},"end":{"line":16,"column":60}},"11":{"start":{"line":19,"column":4},"end":{"line":19,"column":27}},"12":{"start":{"line":22,"column":15},"end":{"line":22,"column":47}},"13":{"start":{"line":22,"column":44},"end":{"line":22,"column":46}},"14":{"start":{"line":23,"column":2},"end":{"line":23,"column":33}},"15":{"start":{"line":26,"column":16},"end":{"line":242,"column":1}},"16":{"start":{"line":27,"column":36},"end":{"line":27,"column":53}},"17":{"start":{"line":29,"column":48},"end":{"line":29,"column":60}},"18":{"start":{"line":30,"column":44},"end":{"line":30,"column":56}},"19":{"start":{"line":32,"column":40},"end":{"line":32,"column":52}},"20":{"start":{"line":33,"column":34},"end":{"line":33,"column":46}},"21":{"start":{"line":34,"column":40},"end":{"line":34,"column":52}},"22":{"start":{"line":36,"column":32},"end":{"line":36,"column":44}},"23":{"start":{"line":38,"column":19},"end":{"line":38,"column":32}},"24":{"start":{"line":39,"column":15},"end":{"line":39,"column":24}},"25":{"start":{"line":41,"column":24},"end":{"line":56,"column":19}},"26":{"start":{"line":42,"column":14},"end":{"line":42,"column":31}},"27":{"start":{"line":44,"column":21},"end":{"line":44,"column":34}},"28":{"start":{"line":45,"column":24},"end":{"line":45,"column":39}},"29":{"start":{"line":46,"column":20},"end":{"line":46,"column":32}},"30":{"start":{"line":47,"column":22},"end":{"line":47,"column":44}},"31":{"start":{"line":49,"column":4},"end":{"line":55,"column":6}},"32":{"start":{"line":58,"column":22},"end":{"line":85,"column":3}},"33":{"start":{"line":59,"column":4},"end":{"line":59,"column":23}},"34":{"start":{"line":60,"column":4},"end":{"line":60,"column":19}},"35":{"start":{"line":62,"column":4},"end":{"line":84,"column":5}},"36":{"start":{"line":63,"column":18},"end":{"line":70,"column":8}},"37":{"start":{"line":72,"column":6},"end":{"line":74,"column":7}},"38":{"start":{"line":73,"column":8},"end":{"line":73,"column":54}},"39":{"start":{"line":76,"column":19},"end":{"line":76,"column":35}},"40":{"start":{"line":77,"column":6},"end":{"line":77,"column":29}},"41":{"start":{"line":79,"column":6},"end":{"line":79,"column":29}},"42":{"start":{"line":80,"column":6},"end":{"line":80,"column":27}},"43":{"start":{"line":81,"column":6},"end":{"line":81,"column":39}},"44":{"start":{"line":83,"column":6},"end":{"line":83,"column":61}},"45":{"start":{"line":87,"column":25},"end":{"line":127,"column":3}},"46":{"start":{"line":88,"column":4},"end":{"line":88,"column":23}},"47":{"start":{"line":89,"column":4},"end":{"line":89,"column":19}},"48":{"start":{"line":91,"column":4},"end":{"line":94,"column":5}},"49":{"start":{"line":92,"column":6},"end":{"line":92,"column":63}},"50":{"start":{"line":93,"column":6},"end":{"line":93,"column":13}},"51":{"start":{"line":96,"column":4},"end":{"line":126,"column":5}},"52":{"start":{"line":97,"column":18},"end":{"line":105,"column":8}},"53":{"start":{"line":107,"column":6},"end":{"line":109,"column":7}},"54":{"start":{"line":108,"column":8},"end":{"line":108,"column":54}},"55":{"start":{"line":111,"column":17},"end":{"line":111,"column":54}},"56":{"start":{"line":112,"column":6},"end":{"line":118,"column":7}},"57":{"start":{"line":113,"column":23},"end":{"line":113,"column":57}},"58":{"start":{"line":113,"column":52},"end":{"line":113,"column":56}},"59":{"start":{"line":114,"column":8},"end":{"line":114,"column":83}},"60":{"start":{"line":116,"column":23},"end":{"line":116,"column":55}},"61":{"start":{"line":116,"column":52},"end":{"line":116,"column":54}},"62":{"start":{"line":117,"column":8},"end":{"line":117,"column":74}},"63":{"start":{"line":120,"column":6},"end":{"line":120,"column":28}},"64":{"start":{"line":121,"column":6},"end":{"line":121,"column":25}},"65":{"start":{"line":122,"column":6},"end":{"line":122,"column":22}},"66":{"start":{"line":123,"column":6},"end":{"line":123,"column":25}},"67":{"start":{"line":125,"column":6},"end":{"line":125,"column":60}},"68":{"start":{"line":129,"column":2},"end":{"line":241,"column":4}},"69":{"start":{"line":134,"column":25},"end":{"line":134,"column":46}},"70":{"start":{"line":142,"column":25},"end":{"line":142,"column":49}},"71":{"start":{"line":163,"column":31},"end":{"line":163,"column":65}},"72":{"start":{"line":171,"column":31},"end":{"line":171,"column":63}},"73":{"start":{"line":189,"column":31},"end":{"line":189,"column":61}},"74":{"start":{"line":197,"column":31},"end":{"line":197,"column":58}},"75":{"start":{"line":205,"column":31},"end":{"line":205,"column":61}}},"fnMap":{"0":{"name":"readResponseError","decl":{"start":{"line":7,"column":15},"end":{"line":7,"column":32}},"loc":{"start":{"line":7,"column":38},"end":{"line":24,"column":1}},"line":7},"1":{"name":"(anonymous_1)","decl":{"start":{"line":11,"column":43},"end":{"line":11,"column":44}},"loc":{"start":{"line":11,"column":49},"end":{"line":11,"column":53}},"line":11},"2":{"name":"(anonymous_2)","decl":{"start":{"line":22,"column":38},"end":{"line":22,"column":39}},"loc":{"start":{"line":22,"column":44},"end":{"line":22,"column":46}},"line":22},"3":{"name":"(anonymous_3)","decl":{"start":{"line":26,"column":16},"end":{"line":26,"column":17}},"loc":{"start":{"line":26,"column":22},"end":{"line":242,"column":1}},"line":26},"4":{"name":"(anonymous_4)","decl":{"start":{"line":41,"column":32},"end":{"line":41,"column":33}},"loc":{"start":{"line":41,"column":38},"end":{"line":56,"column":3}},"line":41},"5":{"name":"(anonymous_5)","decl":{"start":{"line":58,"column":22},"end":{"line":58,"column":23}},"loc":{"start":{"line":58,"column":35},"end":{"line":85,"column":3}},"line":58},"6":{"name":"(anonymous_6)","decl":{"start":{"line":87,"column":25},"end":{"line":87,"column":26}},"loc":{"start":{"line":87,"column":38},"end":{"line":127,"column":3}},"line":87},"7":{"name":"(anonymous_7)","decl":{"start":{"line":113,"column":46},"end":{"line":113,"column":47}},"loc":{"start":{"line":113,"column":52},"end":{"line":113,"column":56}},"line":113},"8":{"name":"(anonymous_8)","decl":{"start":{"line":116,"column":46},"end":{"line":116,"column":47}},"loc":{"start":{"line":116,"column":52},"end":{"line":116,"column":54}},"line":116},"9":{"name":"(anonymous_9)","decl":{"start":{"line":134,"column":19},"end":{"line":134,"column":20}},"loc":{"start":{"line":134,"column":25},"end":{"line":134,"column":46}},"line":134},"10":{"name":"(anonymous_10)","decl":{"start":{"line":142,"column":19},"end":{"line":142,"column":20}},"loc":{"start":{"line":142,"column":25},"end":{"line":142,"column":49}},"line":142},"11":{"name":"(anonymous_11)","decl":{"start":{"line":163,"column":24},"end":{"line":163,"column":25}},"loc":{"start":{"line":163,"column":31},"end":{"line":163,"column":65}},"line":163},"12":{"name":"(anonymous_12)","decl":{"start":{"line":171,"column":24},"end":{"line":171,"column":25}},"loc":{"start":{"line":171,"column":31},"end":{"line":171,"column":63}},"line":171},"13":{"name":"(anonymous_13)","decl":{"start":{"line":189,"column":24},"end":{"line":189,"column":25}},"loc":{"start":{"line":189,"column":31},"end":{"line":189,"column":61}},"line":189},"14":{"name":"(anonymous_14)","decl":{"start":{"line":197,"column":24},"end":{"line":197,"column":25}},"loc":{"start":{"line":197,"column":31},"end":{"line":197,"column":58}},"line":197},"15":{"name":"(anonymous_15)","decl":{"start":{"line":205,"column":24},"end":{"line":205,"column":25}},"loc":{"start":{"line":205,"column":31},"end":{"line":205,"column":61}},"line":205}},"branchMap":{"0":{"loc":{"start":{"line":8,"column":13},"end":{"line":8,"column":50}},"type":"binary-expr","locations":[{"start":{"line":8,"column":13},"end":{"line":8,"column":44}},{"start":{"line":8,"column":48},"end":{"line":8,"column":50}}],"line":8},"1":{"loc":{"start":{"line":10,"column":2},"end":{"line":20,"column":3}},"type":"if","locations":[{"start":{"line":10,"column":2},"end":{"line":20,"column":3}},{"start":{},"end":{}}],"line":10},"2":{"loc":{"start":{"line":13,"column":4},"end":{"line":13,"column":49}},"type":"if","locations":[{"start":{"line":13,"column":4},"end":{"line":13,"column":49}},{"start":{},"end":{}}],"line":13},"3":{"loc":{"start":{"line":14,"column":4},"end":{"line":14,"column":72}},"type":"if","locations":[{"start":{"line":14,"column":4},"end":{"line":14,"column":72}},{"start":{},"end":{}}],"line":14},"4":{"loc":{"start":{"line":15,"column":4},"end":{"line":17,"column":5}},"type":"if","locations":[{"start":{"line":15,"column":4},"end":{"line":17,"column":5}},{"start":{},"end":{}}],"line":15},"5":{"loc":{"start":{"line":15,"column":8},"end":{"line":15,"column":61}},"type":"binary-expr","locations":[{"start":{"line":15,"column":8},"end":{"line":15,"column":23}},{"start":{"line":15,"column":27},"end":{"line":15,"column":61}}],"line":15},"6":{"loc":{"start":{"line":23,"column":9},"end":{"line":23,"column":32}},"type":"binary-expr","locations":[{"start":{"line":23,"column":9},"end":{"line":23,"column":13}},{"start":{"line":23,"column":17},"end":{"line":23,"column":32}}],"line":23},"7":{"loc":{"start":{"line":42,"column":14},"end":{"line":42,"column":31}},"type":"binary-expr","locations":[{"start":{"line":42,"column":14},"end":{"line":42,"column":25}},{"start":{"line":42,"column":29},"end":{"line":42,"column":31}}],"line":42},"8":{"loc":{"start":{"line":54,"column":13},"end":{"line":54,"column":60}},"type":"binary-expr","locations":[{"start":{"line":54,"column":13},"end":{"line":54,"column":21}},{"start":{"line":54,"column":25},"end":{"line":54,"column":36}},{"start":{"line":54,"column":40},"end":{"line":54,"column":47}},{"start":{"line":54,"column":51},"end":{"line":54,"column":60}}],"line":54},"9":{"loc":{"start":{"line":72,"column":6},"end":{"line":74,"column":7}},"type":"if","locations":[{"start":{"line":72,"column":6},"end":{"line":74,"column":7}},{"start":{},"end":{}}],"line":72},"10":{"loc":{"start":{"line":83,"column":17},"end":{"line":83,"column":59}},"type":"binary-expr","locations":[{"start":{"line":83,"column":17},"end":{"line":83,"column":28}},{"start":{"line":83,"column":32},"end":{"line":83,"column":59}}],"line":83},"11":{"loc":{"start":{"line":91,"column":4},"end":{"line":94,"column":5}},"type":"if","locations":[{"start":{"line":91,"column":4},"end":{"line":94,"column":5}},{"start":{},"end":{}}],"line":91},"12":{"loc":{"start":{"line":107,"column":6},"end":{"line":109,"column":7}},"type":"if","locations":[{"start":{"line":107,"column":6},"end":{"line":109,"column":7}},{"start":{},"end":{}}],"line":107},"13":{"loc":{"start":{"line":111,"column":17},"end":{"line":111,"column":54}},"type":"binary-expr","locations":[{"start":{"line":111,"column":17},"end":{"line":111,"column":48}},{"start":{"line":111,"column":52},"end":{"line":111,"column":54}}],"line":111},"14":{"loc":{"start":{"line":112,"column":6},"end":{"line":118,"column":7}},"type":"if","locations":[{"start":{"line":112,"column":6},"end":{"line":118,"column":7}},{"start":{"line":115,"column":13},"end":{"line":118,"column":7}}],"line":112},"15":{"loc":{"start":{"line":114,"column":19},"end":{"line":114,"column":81}},"type":"binary-expr","locations":[{"start":{"line":114,"column":19},"end":{"line":114,"column":34}},{"start":{"line":114,"column":38},"end":{"line":114,"column":81}}],"line":114},"16":{"loc":{"start":{"line":117,"column":19},"end":{"line":117,"column":72}},"type":"binary-expr","locations":[{"start":{"line":117,"column":19},"end":{"line":117,"column":25}},{"start":{"line":117,"column":29},"end":{"line":117,"column":72}}],"line":117},"17":{"loc":{"start":{"line":125,"column":17},"end":{"line":125,"column":58}},"type":"binary-expr","locations":[{"start":{"line":125,"column":17},"end":{"line":125,"column":28}},{"start":{"line":125,"column":32},"end":{"line":125,"column":58}}],"line":125},"18":{"loc":{"start":{"line":133,"column":21},"end":{"line":133,"column":58}},"type":"cond-expr","locations":[{"start":{"line":133,"column":45},"end":{"line":133,"column":53}},{"start":{"line":133,"column":56},"end":{"line":133,"column":58}}],"line":133},"19":{"loc":{"start":{"line":141,"column":21},"end":{"line":141,"column":61}},"type":"cond-expr","locations":[{"start":{"line":141,"column":48},"end":{"line":141,"column":56}},{"start":{"line":141,"column":59},"end":{"line":141,"column":61}}],"line":141},"20":{"loc":{"start":{"line":149,"column":7},"end":{"line":151,"column":7}},"type":"binary-expr","locations":[{"start":{"line":149,"column":7},"end":{"line":149,"column":14}},{"start":{"line":150,"column":8},"end":{"line":150,"column":74}}],"line":149},"21":{"loc":{"start":{"line":153,"column":7},"end":{"line":177,"column":7}},"type":"binary-expr","locations":[{"start":{"line":153,"column":7},"end":{"line":153,"column":28}},{"start":{"line":154,"column":8},"end":{"line":176,"column":14}}],"line":153},"22":{"loc":{"start":{"line":179,"column":7},"end":{"line":239,"column":7}},"type":"binary-expr","locations":[{"start":{"line":179,"column":7},"end":{"line":179,"column":31}},{"start":{"line":180,"column":8},"end":{"line":238,"column":14}}],"line":179},"23":{"loc":{"start":{"line":209,"column":30},"end":{"line":209,"column":84}},"type":"cond-expr","locations":[{"start":{"line":209,"column":52},"end":{"line":209,"column":66}},{"start":{"line":209,"column":69},"end":{"line":209,"column":84}}],"line":209},"24":{"loc":{"start":{"line":210,"column":17},"end":{"line":212,"column":76}},"type":"cond-expr","locations":[{"start":{"line":211,"column":20},"end":{"line":211,"column":59}},{"start":{"line":212,"column":20},"end":{"line":212,"column":76}}],"line":210},"25":{"loc":{"start":{"line":216,"column":31},"end":{"line":216,"column":68}},"type":"cond-expr","locations":[{"start":{"line":216,"column":56},"end":{"line":216,"column":60}},{"start":{"line":216,"column":63},"end":{"line":216,"column":68}}],"line":216},"26":{"loc":{"start":{"line":219,"column":31},"end":{"line":219,"column":71}},"type":"cond-expr","locations":[{"start":{"line":219,"column":59},"end":{"line":219,"column":63}},{"start":{"line":219,"column":66},"end":{"line":219,"column":71}}],"line":219},"27":{"loc":{"start":{"line":222,"column":31},"end":{"line":222,"column":67}},"type":"cond-expr","locations":[{"start":{"line":222,"column":55},"end":{"line":222,"column":59}},{"start":{"line":222,"column":62},"end":{"line":222,"column":67}}],"line":222},"28":{"loc":{"start":{"line":225,"column":31},"end":{"line":225,"column":69}},"type":"cond-expr","locations":[{"start":{"line":225,"column":57},"end":{"line":225,"column":61}},{"start":{"line":225,"column":64},"end":{"line":225,"column":69}}],"line":225}},"s":{"0":0,"1":0,"2":0,"3":0,"4":0,"5":0,"6":0,"7":0,"8":0,"9":0,"10":0,"11":0,"12":0,"13":0,"14":0,"15":0,"16":0,"17":0,"18":0,"19":0,"20":0,"21":0,"22":0,"23":0,"24":0,"25":0,"26":0,"27":0,"28":0,"29":0,"30":0,"31":0,"32":0,"33":0,"34":0,"35":0,"36":0,"37":0,"38":0,"39":0,"40":0,"41":0,"42":0,"43":0,"44":0,"45":0,"46":0,"47":0,"48":0,"49":0,"50":0,"51":0,"52":0,"53":0,"54":0,"55":0,"56":0,"57":0,"58":0,"59":0,"60":0,"61":0,"62":0,"63":0,"64":0,"65":0,"66":0,"67":0,"68":0,"69":0,"70":0,"71":0,"72":0,"73":0,"74":0,"75":0},"f":{"0":0,"1":0,"2":0,"3":0,"4":0,"5":0,"6":0,"7":0,"8":0,"9":0,"10":0,"11":0,"12":0,"13":0,"14":0,"15":0},"b":{"0":[0,0],"1":[0,0],"2":[0,0],"3":[0,0],"4":[0,0],"5":[0,0],"6":[0,0],"7":[0,0],"8":[0,0,0,0],"9":[0,0],"10":[0,0],"11":[0,0],"12":[0,0],"13":[0,0],"14":[0,0],"15":[0,0],"16":[0,0],"17":[0,0],"18":[0,0],"19":[0,0],"20":[0,0],"21":[0,0],"22":[0,0],"23":[0,0],"24":[0,0],"25":[0,0],"26":[0,0],"27":[0,0],"28":[0,0]}}
,"C:\\react\\react-projekt\\src\\context\\AuthContext.jsx": {"path":"C:\\react\\react-projekt\\src\\context\\AuthContext.jsx","statementMap":{"0":{"start":{"line":3,"column":20},"end":{"line":3,"column":39}},"1":{"start":{"line":6,"column":17},"end":{"line":6,"column":58}},"2":{"start":{"line":7,"column":17},"end":{"line":7,"column":84}},"3":{"start":{"line":9,"column":2},"end":{"line":18,"column":3}},"4":{"start":{"line":10,"column":4},"end":{"line":15,"column":6}},"5":{"start":{"line":13,"column":20},"end":{"line":13,"column":71}},"6":{"start":{"line":17,"column":4},"end":{"line":17,"column":24}},"7":{"start":{"line":22,"column":2},"end":{"line":22,"column":26}},"8":{"start":{"line":22,"column":14},"end":{"line":22,"column":26}},"9":{"start":{"line":24,"column":16},"end":{"line":24,"column":32}},"10":{"start":{"line":25,"column":2},"end":{"line":25,"column":38}},"11":{"start":{"line":25,"column":26},"end":{"line":25,"column":38}},"12":{"start":{"line":27,"column":2},"end":{"line":32,"column":3}},"13":{"start":{"line":28,"column":24},"end":{"line":28,"column":49}},"14":{"start":{"line":29,"column":4},"end":{"line":29,"column":35}},"15":{"start":{"line":31,"column":4},"end":{"line":31,"column":16}},"16":{"start":{"line":36,"column":2},"end":{"line":36,"column":26}},"17":{"start":{"line":36,"column":16},"end":{"line":36,"column":26}},"18":{"start":{"line":38,"column":2},"end":{"line":38,"column":54}},"19":{"start":{"line":38,"column":27},"end":{"line":38,"column":54}},"20":{"start":{"line":40,"column":23},"end":{"line":40,"column":83}},"21":{"start":{"line":41,"column":2},"end":{"line":41,"column":58}},"22":{"start":{"line":41,"column":29},"end":{"line":41,"column":58}},"23":{"start":{"line":43,"column":2},"end":{"line":43,"column":40}},"24":{"start":{"line":43,"column":20},"end":{"line":43,"column":40}},"25":{"start":{"line":45,"column":2},"end":{"line":45,"column":12}},"26":{"start":{"line":49,"column":2},"end":{"line":49,"column":29}},"27":{"start":{"line":49,"column":16},"end":{"line":49,"column":29}},"28":{"start":{"line":51,"column":14},"end":{"line":51,"column":30}},"29":{"start":{"line":53,"column":2},"end":{"line":53,"column":32}},"30":{"start":{"line":53,"column":20},"end":{"line":53,"column":32}},"31":{"start":{"line":54,"column":2},"end":{"line":54,"column":34}},"32":{"start":{"line":54,"column":21},"end":{"line":54,"column":34}},"33":{"start":{"line":56,"column":2},"end":{"line":56,"column":67}},"34":{"start":{"line":56,"column":31},"end":{"line":56,"column":67}},"35":{"start":{"line":58,"column":2},"end":{"line":58,"column":15}},"36":{"start":{"line":62,"column":2},"end":{"line":62,"column":34}},"37":{"start":{"line":62,"column":21},"end":{"line":62,"column":34}},"38":{"start":{"line":63,"column":23},"end":{"line":63,"column":52}},"39":{"start":{"line":64,"column":2},"end":{"line":64,"column":37}},"40":{"start":{"line":68,"column":17},"end":{"line":68,"column":52}},"41":{"start":{"line":69,"column":2},"end":{"line":69,"column":25}},"42":{"start":{"line":69,"column":15},"end":{"line":69,"column":25}},"43":{"start":{"line":71,"column":18},"end":{"line":71,"column":35}},"44":{"start":{"line":72,"column":2},"end":{"line":75,"column":3}},"45":{"start":{"line":73,"column":4},"end":{"line":73,"column":37}},"46":{"start":{"line":74,"column":4},"end":{"line":74,"column":14}},"47":{"start":{"line":77,"column":2},"end":{"line":77,"column":16}},"48":{"start":{"line":81,"column":28},"end":{"line":81,"column":65}},"49":{"start":{"line":81,"column":43},"end":{"line":81,"column":64}},"50":{"start":{"line":83,"column":34},"end":{"line":87,"column":4}},"51":{"start":{"line":84,"column":14},"end":{"line":84,"column":35}},"52":{"start":{"line":85,"column":20},"end":{"line":85,"column":32}},"53":{"start":{"line":86,"column":4},"end":{"line":86,"column":36}},"54":{"start":{"line":89,"column":32},"end":{"line":93,"column":4}},"55":{"start":{"line":90,"column":14},"end":{"line":90,"column":35}},"56":{"start":{"line":91,"column":20},"end":{"line":91,"column":32}},"57":{"start":{"line":92,"column":4},"end":{"line":92,"column":35}},"58":{"start":{"line":95,"column":17},"end":{"line":100,"column":8}},"59":{"start":{"line":96,"column":4},"end":{"line":96,"column":37}},"60":{"start":{"line":97,"column":4},"end":{"line":97,"column":17}},"61":{"start":{"line":98,"column":4},"end":{"line":98,"column":20}},"62":{"start":{"line":99,"column":4},"end":{"line":99,"column":22}},"63":{"start":{"line":102,"column":16},"end":{"line":112,"column":14}},"64":{"start":{"line":103,"column":20},"end":{"line":103,"column":39}},"65":{"start":{"line":105,"column":4},"end":{"line":108,"column":5}},"66":{"start":{"line":106,"column":6},"end":{"line":106,"column":15}},"67":{"start":{"line":107,"column":6},"end":{"line":107,"column":56}},"68":{"start":{"line":110,"column":4},"end":{"line":110,"column":44}},"69":{"start":{"line":111,"column":4},"end":{"line":111,"column":23}},"70":{"start":{"line":114,"column":2},"end":{"line":149,"column":22}},"71":{"start":{"line":115,"column":4},"end":{"line":119,"column":5}},"72":{"start":{"line":116,"column":6},"end":{"line":116,"column":22}},"73":{"start":{"line":117,"column":6},"end":{"line":117,"column":24}},"74":{"start":{"line":118,"column":6},"end":{"line":118,"column":13}},"75":{"start":{"line":121,"column":20},"end":{"line":121,"column":36}},"76":{"start":{"line":123,"column":4},"end":{"line":126,"column":5}},"77":{"start":{"line":124,"column":6},"end":{"line":124,"column":15}},"78":{"start":{"line":125,"column":6},"end":{"line":125,"column":13}},"79":{"start":{"line":128,"column":4},"end":{"line":128,"column":42}},"80":{"start":{"line":129,"column":4},"end":{"line":129,"column":40}},"81":{"start":{"line":133,"column":4},"end":{"line":144,"column":5}},"82":{"start":{"line":134,"column":28},"end":{"line":134,"column":59}},"83":{"start":{"line":136,"column":6},"end":{"line":139,"column":7}},"84":{"start":{"line":137,"column":8},"end":{"line":137,"column":17}},"85":{"start":{"line":138,"column":8},"end":{"line":138,"column":15}},"86":{"start":{"line":141,"column":6},"end":{"line":143,"column":24}},"87":{"start":{"line":142,"column":8},"end":{"line":142,"column":17}},"88":{"start":{"line":146,"column":4},"end":{"line":148,"column":6}},"89":{"start":{"line":147,"column":6},"end":{"line":147,"column":45}},"90":{"start":{"line":147,"column":21},"end":{"line":147,"column":45}},"91":{"start":{"line":151,"column":2},"end":{"line":164,"column":4}},"92":{"start":{"line":168,"column":14},"end":{"line":168,"column":37}},"93":{"start":{"line":169,"column":2},"end":{"line":169,"column":72}},"94":{"start":{"line":169,"column":12},"end":{"line":169,"column":72}},"95":{"start":{"line":170,"column":2},"end":{"line":170,"column":13}}},"fnMap":{"0":{"name":"base64UrlDecode","decl":{"start":{"line":5,"column":9},"end":{"line":5,"column":24}},"loc":{"start":{"line":5,"column":30},"end":{"line":19,"column":1}},"line":5},"1":{"name":"(anonymous_1)","decl":{"start":{"line":13,"column":13},"end":{"line":13,"column":14}},"loc":{"start":{"line":13,"column":20},"end":{"line":13,"column":71}},"line":13},"2":{"name":"decodeJwt","decl":{"start":{"line":21,"column":9},"end":{"line":21,"column":18}},"loc":{"start":{"line":21,"column":26},"end":{"line":33,"column":1}},"line":21},"3":{"name":"extractUserName","decl":{"start":{"line":35,"column":9},"end":{"line":35,"column":24}},"loc":{"start":{"line":35,"column":34},"end":{"line":46,"column":1}},"line":35},"4":{"name":"extractIsAdmin","decl":{"start":{"line":48,"column":9},"end":{"line":48,"column":23}},"loc":{"start":{"line":48,"column":33},"end":{"line":59,"column":1}},"line":48},"5":{"name":"isTokenExpired","decl":{"start":{"line":61,"column":9},"end":{"line":61,"column":23}},"loc":{"start":{"line":61,"column":33},"end":{"line":65,"column":1}},"line":61},"6":{"name":"getValidStoredToken","decl":{"start":{"line":67,"column":9},"end":{"line":67,"column":28}},"loc":{"start":{"line":67,"column":31},"end":{"line":78,"column":1}},"line":67},"7":{"name":"AuthProvider","decl":{"start":{"line":80,"column":16},"end":{"line":80,"column":28}},"loc":{"start":{"line":80,"column":43},"end":{"line":165,"column":1}},"line":80},"8":{"name":"(anonymous_8)","decl":{"start":{"line":81,"column":37},"end":{"line":81,"column":38}},"loc":{"start":{"line":81,"column":43},"end":{"line":81,"column":64}},"line":81},"9":{"name":"(anonymous_9)","decl":{"start":{"line":83,"column":43},"end":{"line":83,"column":44}},"loc":{"start":{"line":83,"column":49},"end":{"line":87,"column":3}},"line":83},"10":{"name":"(anonymous_10)","decl":{"start":{"line":89,"column":41},"end":{"line":89,"column":42}},"loc":{"start":{"line":89,"column":47},"end":{"line":93,"column":3}},"line":89},"11":{"name":"(anonymous_11)","decl":{"start":{"line":95,"column":29},"end":{"line":95,"column":30}},"loc":{"start":{"line":95,"column":35},"end":{"line":100,"column":3}},"line":95},"12":{"name":"(anonymous_12)","decl":{"start":{"line":102,"column":28},"end":{"line":102,"column":29}},"loc":{"start":{"line":102,"column":42},"end":{"line":112,"column":3}},"line":102},"13":{"name":"(anonymous_13)","decl":{"start":{"line":114,"column":12},"end":{"line":114,"column":13}},"loc":{"start":{"line":114,"column":18},"end":{"line":149,"column":3}},"line":114},"14":{"name":"(anonymous_14)","decl":{"start":{"line":141,"column":29},"end":{"line":141,"column":30}},"loc":{"start":{"line":141,"column":35},"end":{"line":143,"column":7}},"line":141},"15":{"name":"(anonymous_15)","decl":{"start":{"line":146,"column":11},"end":{"line":146,"column":12}},"loc":{"start":{"line":146,"column":17},"end":{"line":148,"column":5}},"line":146},"16":{"name":"useAuth","decl":{"start":{"line":167,"column":16},"end":{"line":167,"column":23}},"loc":{"start":{"line":167,"column":26},"end":{"line":171,"column":1}},"line":167}},"branchMap":{"0":{"loc":{"start":{"line":22,"column":2},"end":{"line":22,"column":26}},"type":"if","locations":[{"start":{"line":22,"column":2},"end":{"line":22,"column":26}},{"start":{},"end":{}}],"line":22},"1":{"loc":{"start":{"line":25,"column":2},"end":{"line":25,"column":38}},"type":"if","locations":[{"start":{"line":25,"column":2},"end":{"line":25,"column":38}},{"start":{},"end":{}}],"line":25},"2":{"loc":{"start":{"line":36,"column":2},"end":{"line":36,"column":26}},"type":"if","locations":[{"start":{"line":36,"column":2},"end":{"line":36,"column":26}},{"start":{},"end":{}}],"line":36},"3":{"loc":{"start":{"line":38,"column":2},"end":{"line":38,"column":54}},"type":"if","locations":[{"start":{"line":38,"column":2},"end":{"line":38,"column":54}},{"start":{},"end":{}}],"line":38},"4":{"loc":{"start":{"line":41,"column":2},"end":{"line":41,"column":58}},"type":"if","locations":[{"start":{"line":41,"column":2},"end":{"line":41,"column":58}},{"start":{},"end":{}}],"line":41},"5":{"loc":{"start":{"line":43,"column":2},"end":{"line":43,"column":40}},"type":"if","locations":[{"start":{"line":43,"column":2},"end":{"line":43,"column":40}},{"start":{},"end":{}}],"line":43},"6":{"loc":{"start":{"line":49,"column":2},"end":{"line":49,"column":29}},"type":"if","locations":[{"start":{"line":49,"column":2},"end":{"line":49,"column":29}},{"start":{},"end":{}}],"line":49},"7":{"loc":{"start":{"line":53,"column":2},"end":{"line":53,"column":32}},"type":"if","locations":[{"start":{"line":53,"column":2},"end":{"line":53,"column":32}},{"start":{},"end":{}}],"line":53},"8":{"loc":{"start":{"line":54,"column":2},"end":{"line":54,"column":34}},"type":"if","locations":[{"start":{"line":54,"column":2},"end":{"line":54,"column":34}},{"start":{},"end":{}}],"line":54},"9":{"loc":{"start":{"line":56,"column":2},"end":{"line":56,"column":67}},"type":"if","locations":[{"start":{"line":56,"column":2},"end":{"line":56,"column":67}},{"start":{},"end":{}}],"line":56},"10":{"loc":{"start":{"line":62,"column":2},"end":{"line":62,"column":34}},"type":"if","locations":[{"start":{"line":62,"column":2},"end":{"line":62,"column":34}},{"start":{},"end":{}}],"line":62},"11":{"loc":{"start":{"line":68,"column":17},"end":{"line":68,"column":52}},"type":"binary-expr","locations":[{"start":{"line":68,"column":17},"end":{"line":68,"column":46}},{"start":{"line":68,"column":50},"end":{"line":68,"column":52}}],"line":68},"12":{"loc":{"start":{"line":69,"column":2},"end":{"line":69,"column":25}},"type":"if","locations":[{"start":{"line":69,"column":2},"end":{"line":69,"column":25}},{"start":{},"end":{}}],"line":69},"13":{"loc":{"start":{"line":72,"column":2},"end":{"line":75,"column":3}},"type":"if","locations":[{"start":{"line":72,"column":2},"end":{"line":75,"column":3}},{"start":{},"end":{}}],"line":72},"14":{"loc":{"start":{"line":72,"column":6},"end":{"line":72,"column":41}},"type":"binary-expr","locations":[{"start":{"line":72,"column":6},"end":{"line":72,"column":14}},{"start":{"line":72,"column":18},"end":{"line":72,"column":41}}],"line":72},"15":{"loc":{"start":{"line":105,"column":4},"end":{"line":108,"column":5}},"type":"if","locations":[{"start":{"line":105,"column":4},"end":{"line":108,"column":5}},{"start":{},"end":{}}],"line":105},"16":{"loc":{"start":{"line":105,"column":8},"end":{"line":105,"column":43}},"type":"binary-expr","locations":[{"start":{"line":105,"column":8},"end":{"line":105,"column":16}},{"start":{"line":105,"column":20},"end":{"line":105,"column":43}}],"line":105},"17":{"loc":{"start":{"line":115,"column":4},"end":{"line":119,"column":5}},"type":"if","locations":[{"start":{"line":115,"column":4},"end":{"line":119,"column":5}},{"start":{},"end":{}}],"line":115},"18":{"loc":{"start":{"line":123,"column":4},"end":{"line":126,"column":5}},"type":"if","locations":[{"start":{"line":123,"column":4},"end":{"line":126,"column":5}},{"start":{},"end":{}}],"line":123},"19":{"loc":{"start":{"line":123,"column":8},"end":{"line":123,"column":43}},"type":"binary-expr","locations":[{"start":{"line":123,"column":8},"end":{"line":123,"column":16}},{"start":{"line":123,"column":20},"end":{"line":123,"column":43}}],"line":123},"20":{"loc":{"start":{"line":133,"column":4},"end":{"line":144,"column":5}},"type":"if","locations":[{"start":{"line":133,"column":4},"end":{"line":144,"column":5}},{"start":{},"end":{}}],"line":133},"21":{"loc":{"start":{"line":136,"column":6},"end":{"line":139,"column":7}},"type":"if","locations":[{"start":{"line":136,"column":6},"end":{"line":139,"column":7}},{"start":{},"end":{}}],"line":136},"22":{"loc":{"start":{"line":147,"column":6},"end":{"line":147,"column":45}},"type":"if","locations":[{"start":{"line":147,"column":6},"end":{"line":147,"column":45}},{"start":{},"end":{}}],"line":147},"23":{"loc":{"start":{"line":169,"column":2},"end":{"line":169,"column":72}},"type":"if","locations":[{"start":{"line":169,"column":2},"end":{"line":169,"column":72}},{"start":{},"end":{}}],"line":169}},"s":{"0":0,"1":0,"2":0,"3":0,"4":0,"5":0,"6":0,"7":0,"8":0,"9":0,"10":0,"11":0,"12":0,"13":0,"14":0,"15":0,"16":0,"17":0,"18":0,"19":0,"20":0,"21":0,"22":0,"23":0,"24":0,"25":0,"26":0,"27":0,"28":0,"29":0,"30":0,"31":0,"32":0,"33":0,"34":0,"35":0,"36":0,"37":0,"38":0,"39":0,"40":0,"41":0,"42":0,"43":0,"44":0,"45":0,"46":0,"47":0,"48":0,"49":0,"50":0,"51":0,"52":0,"53":0,"54":0,"55":0,"56":0,"57":0,"58":0,"59":0,"60":0,"61":0,"62":0,"63":0,"64":0,"65":0,"66":0,"67":0,"68":0,"69":0,"70":0,"71":0,"72":0,"73":0,"74":0,"75":0,"76":0,"77":0,"78":0,"79":0,"80":0,"81":0,"82":0,"83":0,"84":0,"85":0,"86":0,"87":0,"88":0,"89":0,"90":0,"91":0,"92":0,"93":0,"94":0,"95":0},"f":{"0":0,"1":0,"2":0,"3":0,"4":0,"5":0,"6":0,"7":0,"8":0,"9":0,"10":0,"11":0,"12":0,"13":0,"14":0,"15":0,"16":0},"b":{"0":[0,0],"1":[0,0],"2":[0,0],"3":[0,0],"4":[0,0],"5":[0,0],"6":[0,0],"7":[0,0],"8":[0,0],"9":[0,0],"10":[0,0],"11":[0,0],"12":[0,0],"13":[0,0],"14":[0,0],"15":[0,0],"16":[0,0],"17":[0,0],"18":[0,0],"19":[0,0],"20":[0,0],"21":[0,0],"22":[0,0],"23":[0,0]}}
,"C:\\react\\react-projekt\\src\\pages\\Characters.jsx": {"path":"C:\\react\\react-projekt\\src\\pages\\Characters.jsx","statementMap":{"0":{"start":{"line":4,"column":19},"end":{"line":112,"column":1}},"1":{"start":{"line":7,"column":2},"end":{"line":111,"column":4}}},"fnMap":{"0":{"name":"(anonymous_0)","decl":{"start":{"line":4,"column":19},"end":{"line":4,"column":20}},"loc":{"start":{"line":4,"column":25},"end":{"line":112,"column":1}},"line":4}},"branchMap":{},"s":{"0":0,"1":0},"f":{"0":0},"b":{}}
,"C:\\react\\react-projekt\\src\\pages\\Home.jsx": {"path":"C:\\react\\react-projekt\\src\\pages\\Home.jsx","statementMap":{"0":{"start":{"line":5,"column":13},"end":{"line":190,"column":1}},"1":{"start":{"line":6,"column":2},"end":{"line":189,"column":4}},"2":{"start":{"line":25,"column":14},"end":{"line":25,"column":33}},"3":{"start":{"line":26,"column":14},"end":{"line":26,"column":90}}},"fnMap":{"0":{"name":"(anonymous_0)","decl":{"start":{"line":5,"column":13},"end":{"line":5,"column":14}},"loc":{"start":{"line":5,"column":19},"end":{"line":190,"column":1}},"line":5},"1":{"name":"(anonymous_1)","decl":{"start":{"line":24,"column":21},"end":{"line":24,"column":22}},"loc":{"start":{"line":24,"column":28},"end":{"line":27,"column":13}},"line":24}},"branchMap":{},"s":{"0":0,"1":0,"2":0,"3":0},"f":{"0":0,"1":0},"b":{}}
,"C:\\react\\react-projekt\\src\\pages\\Login.jsx": {"path":"C:\\react\\react-projekt\\src\\pages\\Login.jsx","statementMap":{"0":{"start":{"line":4,"column":14},"end":{"line":6,"column":1}},"1":{"start":{"line":5,"column":2},"end":{"line":5,"column":21}}},"fnMap":{"0":{"name":"(anonymous_0)","decl":{"start":{"line":4,"column":14},"end":{"line":4,"column":15}},"loc":{"start":{"line":4,"column":20},"end":{"line":6,"column":1}},"line":4}},"branchMap":{},"s":{"0":0,"1":0},"f":{"0":0},"b":{}}
,"C:\\react\\react-projekt\\src\\services\\authService.js": {"path":"C:\\react\\react-projekt\\src\\services\\authService.js","statementMap":{"0":{"start":{"line":1,"column":16},"end":{"line":1,"column":40}},"1":{"start":{"line":4,"column":14},"end":{"line":8,"column":4}},"2":{"start":{"line":10,"column":2},"end":{"line":13,"column":3}},"3":{"start":{"line":11,"column":16},"end":{"line":11,"column":32}},"4":{"start":{"line":12,"column":4},"end":{"line":12,"column":25}},"5":{"start":{"line":15,"column":2},"end":{"line":15,"column":20}}},"fnMap":{"0":{"name":"loginRequest","decl":{"start":{"line":3,"column":22},"end":{"line":3,"column":34}},"loc":{"start":{"line":3,"column":57},"end":{"line":16,"column":1}},"line":3}},"branchMap":{"0":{"loc":{"start":{"line":10,"column":2},"end":{"line":13,"column":3}},"type":"if","locations":[{"start":{"line":10,"column":2},"end":{"line":13,"column":3}},{"start":{},"end":{}}],"line":10}},"s":{"0":0,"1":0,"2":0,"3":0,"4":0,"5":0},"f":{"0":0},"b":{"0":[0,0]}}
,"C:\\react\\react-projekt\\src\\services\\newsService.js": {"path":"C:\\react\\react-projekt\\src\\services\\newsService.js","statementMap":{"0":{"start":{"line":1,"column":16},"end":{"line":1,"column":22}},"1":{"start":{"line":4,"column":13},"end":{"line":4,"column":50}},"2":{"start":{"line":6,"column":2},"end":{"line":20,"column":3}},"3":{"start":{"line":7,"column":14},"end":{"line":7,"column":48}},"4":{"start":{"line":7,"column":43},"end":{"line":7,"column":47}},"5":{"start":{"line":9,"column":4},"end":{"line":9,"column":37}},"6":{"start":{"line":9,"column":20},"end":{"line":9,"column":37}},"7":{"start":{"line":11,"column":4},"end":{"line":13,"column":5}},"8":{"start":{"line":12,"column":6},"end":{"line":12,"column":32}},"9":{"start":{"line":15,"column":4},"end":{"line":17,"column":5}},"10":{"start":{"line":16,"column":6},"end":{"line":16,"column":54}},"11":{"start":{"line":19,"column":4},"end":{"line":19,"column":29}},"12":{"start":{"line":22,"column":2},"end":{"line":22,"column":63}},"13":{"start":{"line":22,"column":39},"end":{"line":22,"column":41}},"14":{"start":{"line":26,"column":14},"end":{"line":29,"column":4}},"15":{"start":{"line":31,"column":2},"end":{"line":33,"column":3}},"16":{"start":{"line":32,"column":4},"end":{"line":32,"column":42}},"17":{"start":{"line":35,"column":2},"end":{"line":35,"column":20}},"18":{"start":{"line":39,"column":14},"end":{"line":46,"column":4}},"19":{"start":{"line":48,"column":2},"end":{"line":50,"column":3}},"20":{"start":{"line":49,"column":4},"end":{"line":49,"column":42}},"21":{"start":{"line":52,"column":2},"end":{"line":52,"column":20}},"22":{"start":{"line":56,"column":14},"end":{"line":61,"column":4}},"23":{"start":{"line":63,"column":2},"end":{"line":65,"column":3}},"24":{"start":{"line":64,"column":4},"end":{"line":64,"column":42}}},"fnMap":{"0":{"name":"readError","decl":{"start":{"line":3,"column":15},"end":{"line":3,"column":24}},"loc":{"start":{"line":3,"column":30},"end":{"line":23,"column":1}},"line":3},"1":{"name":"(anonymous_1)","decl":{"start":{"line":7,"column":37},"end":{"line":7,"column":38}},"loc":{"start":{"line":7,"column":43},"end":{"line":7,"column":47}},"line":7},"2":{"name":"(anonymous_2)","decl":{"start":{"line":22,"column":33},"end":{"line":22,"column":34}},"loc":{"start":{"line":22,"column":39},"end":{"line":22,"column":41}},"line":22},"3":{"name":"getNews","decl":{"start":{"line":25,"column":22},"end":{"line":25,"column":29}},"loc":{"start":{"line":25,"column":32},"end":{"line":36,"column":1}},"line":25},"4":{"name":"createNews","decl":{"start":{"line":38,"column":22},"end":{"line":38,"column":32}},"loc":{"start":{"line":38,"column":53},"end":{"line":53,"column":1}},"line":38},"5":{"name":"deleteNews","decl":{"start":{"line":55,"column":22},"end":{"line":55,"column":32}},"loc":{"start":{"line":55,"column":44},"end":{"line":66,"column":1}},"line":55}},"branchMap":{"0":{"loc":{"start":{"line":4,"column":13},"end":{"line":4,"column":50}},"type":"binary-expr","locations":[{"start":{"line":4,"column":13},"end":{"line":4,"column":44}},{"start":{"line":4,"column":48},"end":{"line":4,"column":50}}],"line":4},"1":{"loc":{"start":{"line":6,"column":2},"end":{"line":20,"column":3}},"type":"if","locations":[{"start":{"line":6,"column":2},"end":{"line":20,"column":3}},{"start":{},"end":{}}],"line":6},"2":{"loc":{"start":{"line":9,"column":4},"end":{"line":9,"column":37}},"type":"if","locations":[{"start":{"line":9,"column":4},"end":{"line":9,"column":37}},{"start":{},"end":{}}],"line":9},"3":{"loc":{"start":{"line":11,"column":4},"end":{"line":13,"column":5}},"type":"if","locations":[{"start":{"line":11,"column":4},"end":{"line":13,"column":5}},{"start":{},"end":{}}],"line":11},"4":{"loc":{"start":{"line":15,"column":4},"end":{"line":17,"column":5}},"type":"if","locations":[{"start":{"line":15,"column":4},"end":{"line":17,"column":5}},{"start":{},"end":{}}],"line":15},"5":{"loc":{"start":{"line":15,"column":8},"end":{"line":15,"column":49}},"type":"binary-expr","locations":[{"start":{"line":15,"column":8},"end":{"line":15,"column":17}},{"start":{"line":15,"column":21},"end":{"line":15,"column":49}}],"line":15},"6":{"loc":{"start":{"line":22,"column":9},"end":{"line":22,"column":62}},"type":"binary-expr","locations":[{"start":{"line":22,"column":10},"end":{"line":22,"column":42}},{"start":{"line":22,"column":47},"end":{"line":22,"column":62}}],"line":22},"7":{"loc":{"start":{"line":31,"column":2},"end":{"line":33,"column":3}},"type":"if","locations":[{"start":{"line":31,"column":2},"end":{"line":33,"column":3}},{"start":{},"end":{}}],"line":31},"8":{"loc":{"start":{"line":48,"column":2},"end":{"line":50,"column":3}},"type":"if","locations":[{"start":{"line":48,"column":2},"end":{"line":50,"column":3}},{"start":{},"end":{}}],"line":48},"9":{"loc":{"start":{"line":63,"column":2},"end":{"line":65,"column":3}},"type":"if","locations":[{"start":{"line":63,"column":2},"end":{"line":65,"column":3}},{"start":{},"end":{}}],"line":63}},"s":{"0":1,"1":0,"2":0,"3":0,"4":0,"5":0,"6":0,"7":0,"8":0,"9":0,"10":0,"11":0,"12":0,"13":0,"14":0,"15":0,"16":0,"17":0,"18":0,"19":0,"20":0,"21":0,"22":0,"23":0,"24":0},"f":{"0":0,"1":0,"2":0,"3":0,"4":0,"5":0},"b":{"0":[0,0],"1":[0,0],"2":[0,0],"3":[0,0],"4":[0,0],"5":[0,0],"6":[0,0],"7":[0,0],"8":[0,0],"9":[0,0]},"_coverageSchema":"1a1c01bbd47fc00a2c39e90264f33305004495a9","hash":"bf70911b24f1b612e246fb620de30e4498bc1398"}
}
