TN:
SF:src\App.jsx
FN:9,App
FNF:1
FNH:0
FNDA:0,App
DA:10,0
LF:1
LH:0
BRF:0
BRH:0
end_of_record
TN:
SF:src\Index.js
FNF:0
FNH:0
LF:0
LH:0
BRF:0
BRH:0
end_of_record
TN:
SF:src\main.jsx
FNF:0
FNH:0
DA:8,0
LF:1
LH:0
BRF:0
BRH:0
end_of_record
TN:
SF:src\components\CharacterCard.jsx
FN:3,(anonymous_0)
FNF:1
FNH:0
FNDA:0,(anonymous_0)
DA:3,0
DA:4,0
LF:2
LH:0
BRDA:5,0,0,0
BRDA:5,0,1,0
BRDA:10,1,0,0
BRDA:10,1,1,0
BRF:4
BRH:0
end_of_record
TN:
SF:src\components\Footer.jsx
FN:3,(anonymous_0)
FNF:1
FNH:0
FNDA:0,(anonymous_0)
DA:3,0
DA:4,0
LF:2
LH:0
BRF:0
BRH:0
end_of_record
TN:
SF:src\components\Navbar.jsx
FN:5,(anonymous_0)
FN:12,(anonymous_1)
FN:13,(anonymous_2)
FN:16,(anonymous_3)
FN:19,(anonymous_4)
FN:20,handleClickOutside
FN:26,(anonymous_6)
FN:29,(anonymous_7)
FN:35,(anonymous_8)
FN:67,(anonymous_9)
FN:67,(anonymous_10)
FNF:11
FNH:0
FNDA:0,(anonymous_0)
FNDA:0,(anonymous_1)
FNDA:0,(anonymous_2)
FNDA:0,(anonymous_3)
FNDA:0,(anonymous_4)
FNDA:0,handleClickOutside
FNDA:0,(anonymous_6)
FNDA:0,(anonymous_7)
FNDA:0,(anonymous_8)
FNDA:0,(anonymous_9)
FNDA:0,(anonymous_10)
DA:5,0
DA:6,0
DA:7,0
DA:8,0
DA:9,0
DA:10,0
DA:12,0
DA:13,0
DA:14,0
DA:15,0
DA:16,0
DA:19,0
DA:21,0
DA:22,0
DA:25,0
DA:26,0
DA:29,0
DA:30,0
DA:31,0
DA:32,0
DA:35,0
DA:37,0
DA:40,0
DA:67,0
LF:24
LH:0
BRDA:21,0,0,0
BRDA:21,0,1,0
BRDA:21,1,0,0
BRDA:21,1,1,0
BRDA:41,2,0,0
BRDA:41,2,1,0
BRDA:61,3,0,0
BRDA:61,3,1,0
BRDA:77,4,0,0
BRDA:77,4,1,0
BRDA:80,5,0,0
BRDA:80,5,1,0
BRDA:94,6,0,0
BRDA:94,6,1,0
BRF:14
BRH:0
end_of_record
TN:
SF:src\components\NewsSection.jsx
FN:5,formatHuDate
FN:19,NewsSection
FN:31,(anonymous_2)
FN:34,(anonymous_3)
FN:49,refresh
FN:64,(anonymous_5)
FN:68,onAdd
FN:101,onDelete
FN:116,(anonymous_8)
FN:116,(anonymous_9)
FN:143,(anonymous_10)
FN:154,(anonymous_11)
FN:178,(anonymous_12)
FN:193,(anonymous_13)
FNF:14
FNH:14
FNDA:11,formatHuDate
FNDA:70,NewsSection
FNDA:27,(anonymous_2)
FNDA:6,(anonymous_3)
FNDA:17,refresh
FNDA:15,(anonymous_5)
FNDA:4,onAdd
FNDA:1,onDelete
FNDA:1,(anonymous_8)
FNDA:1,(anonymous_9)
FNDA:13,(anonymous_10)
FNDA:21,(anonymous_11)
FNDA:11,(anonymous_12)
FNDA:1,(anonymous_13)
DA:6,11
DA:7,11
DA:8,11
DA:9,10
DA:15,0
DA:20,70
DA:22,70
DA:23,70
DA:25,70
DA:26,70
DA:28,70
DA:29,70
DA:31,70
DA:32,27
DA:34,27
DA:35,6
DA:39,6
DA:43,6
DA:46,27
DA:50,17
DA:51,17
DA:53,17
DA:54,17
DA:55,15
DA:57,1
DA:58,1
DA:60,16
DA:64,70
DA:65,15
DA:69,4
DA:70,4
DA:72,4
DA:73,0
DA:74,0
DA:77,4
DA:78,0
DA:79,0
DA:82,4
DA:83,0
DA:84,0
DA:87,4
DA:88,4
DA:89,4
DA:90,2
DA:91,2
DA:92,2
DA:94,1
DA:95,1
DA:97,3
DA:102,1
DA:104,1
DA:105,0
DA:106,0
DA:109,1
DA:110,0
DA:111,0
DA:114,1
DA:115,1
DA:116,1
DA:118,0
DA:119,0
DA:123,70
DA:143,13
DA:154,21
DA:179,11
DA:181,11
DA:182,11
DA:183,11
DA:185,11
DA:193,1
LF:70
LH:57
BRDA:8,0,0,1
BRDA:8,0,1,10
BRDA:32,1,0,27
BRDA:32,1,1,0
BRDA:36,2,0,6
BRDA:36,2,1,0
BRDA:36,2,2,0
BRDA:36,2,3,0
BRDA:36,2,4,0
BRDA:36,2,5,0
BRDA:36,2,6,0
BRDA:40,3,0,6
BRDA:40,3,1,0
BRDA:40,3,2,0
BRDA:40,3,3,0
BRDA:40,3,4,0
BRDA:40,3,5,0
BRDA:40,3,6,0
BRDA:55,4,0,15
BRDA:55,4,1,0
BRDA:55,5,0,0
BRDA:55,5,1,0
BRDA:58,6,0,1
BRDA:58,6,1,0
BRDA:72,7,0,0
BRDA:72,7,1,4
BRDA:77,8,0,0
BRDA:77,8,1,4
BRDA:82,9,0,0
BRDA:82,9,1,4
BRDA:82,10,0,4
BRDA:82,10,1,4
BRDA:95,11,0,1
BRDA:95,11,1,0
BRDA:104,12,0,0
BRDA:104,12,1,1
BRDA:109,13,0,0
BRDA:109,13,1,1
BRDA:116,14,0,1
BRDA:116,14,1,0
BRDA:119,15,0,0
BRDA:119,15,1,0
BRDA:127,16,0,55
BRDA:127,16,1,15
BRDA:130,17,0,2
BRDA:130,17,1,68
BRDA:136,18,0,55
BRDA:136,18,1,15
BRDA:163,19,0,55
BRDA:163,19,1,51
BRDA:163,19,2,35
BRDA:165,20,0,4
BRDA:165,20,1,51
BRDA:172,21,0,15
BRDA:172,21,1,55
BRDA:174,22,0,48
BRDA:174,22,1,7
BRDA:179,23,0,11
BRDA:179,23,1,1
BRDA:181,24,0,11
BRDA:181,24,1,1
BRDA:181,24,2,0
BRDA:181,24,3,0
BRDA:181,24,4,0
BRDA:181,24,5,0
BRDA:182,25,0,11
BRDA:182,25,1,1
BRDA:182,25,2,0
BRDA:183,26,0,11
BRDA:183,26,1,1
BRDA:183,26,2,0
BRDA:183,26,3,0
BRDA:183,26,4,0
BRDA:189,27,0,2
BRDA:189,27,1,9
BRDA:202,28,0,11
BRDA:202,28,1,0
BRF:77
BRH:42
end_of_record
TN:
SF:src\components\TabForm.jsx
FN:7,readResponseError
FN:11,(anonymous_1)
FN:22,(anonymous_2)
FN:26,(anonymous_3)
FN:41,(anonymous_4)
FN:58,(anonymous_5)
FN:87,(anonymous_6)
FN:113,(anonymous_7)
FN:116,(anonymous_8)
FN:134,(anonymous_9)
FN:142,(anonymous_10)
FN:163,(anonymous_11)
FN:171,(anonymous_12)
FN:189,(anonymous_13)
FN:197,(anonymous_14)
FN:205,(anonymous_15)
FNF:16
FNH:0
FNDA:0,readResponseError
FNDA:0,(anonymous_1)
FNDA:0,(anonymous_2)
FNDA:0,(anonymous_3)
FNDA:0,(anonymous_4)
FNDA:0,(anonymous_5)
FNDA:0,(anonymous_6)
FNDA:0,(anonymous_7)
FNDA:0,(anonymous_8)
FNDA:0,(anonymous_9)
FNDA:0,(anonymous_10)
FNDA:0,(anonymous_11)
FNDA:0,(anonymous_12)
FNDA:0,(anonymous_13)
FNDA:0,(anonymous_14)
FNDA:0,(anonymous_15)
DA:5,0
DA:8,0
DA:10,0
DA:11,0
DA:13,0
DA:14,0
DA:15,0
DA:16,0
DA:19,0
DA:22,0
DA:23,0
DA:26,0
DA:27,0
DA:29,0
DA:30,0
DA:32,0
DA:33,0
DA:34,0
DA:36,0
DA:38,0
DA:39,0
DA:41,0
DA:42,0
DA:44,0
DA:45,0
DA:46,0
DA:47,0
DA:49,0
DA:58,0
DA:59,0
DA:60,0
DA:62,0
DA:63,0
DA:72,0
DA:73,0
DA:76,0
DA:77,0
DA:79,0
DA:80,0
DA:81,0
DA:83,0
DA:87,0
DA:88,0
DA:89,0
DA:91,0
DA:92,0
DA:93,0
DA:96,0
DA:97,0
DA:107,0
DA:108,0
DA:111,0
DA:112,0
DA:113,0
DA:114,0
DA:116,0
DA:117,0
DA:120,0
DA:121,0
DA:122,0
DA:123,0
DA:125,0
DA:129,0
DA:134,0
DA:142,0
DA:163,0
DA:171,0
DA:189,0
DA:197,0
DA:205,0
LF:70
LH:0
BRDA:8,0,0,0
BRDA:8,0,1,0
BRDA:10,1,0,0
BRDA:10,1,1,0
BRDA:13,2,0,0
BRDA:13,2,1,0
BRDA:14,3,0,0
BRDA:14,3,1,0
BRDA:15,4,0,0
BRDA:15,4,1,0
BRDA:15,5,0,0
BRDA:15,5,1,0
BRDA:23,6,0,0
BRDA:23,6,1,0
BRDA:42,7,0,0
BRDA:42,7,1,0
BRDA:54,8,0,0
BRDA:54,8,1,0
BRDA:54,8,2,0
BRDA:54,8,3,0
BRDA:72,9,0,0
BRDA:72,9,1,0
BRDA:83,10,0,0
BRDA:83,10,1,0
BRDA:91,11,0,0
BRDA:91,11,1,0
BRDA:107,12,0,0
BRDA:107,12,1,0
BRDA:111,13,0,0
BRDA:111,13,1,0
BRDA:112,14,0,0
BRDA:112,14,1,0
BRDA:114,15,0,0
BRDA:114,15,1,0
BRDA:117,16,0,0
BRDA:117,16,1,0
BRDA:125,17,0,0
BRDA:125,17,1,0
BRDA:133,18,0,0
BRDA:133,18,1,0
BRDA:141,19,0,0
BRDA:141,19,1,0
BRDA:149,20,0,0
BRDA:149,20,1,0
BRDA:153,21,0,0
BRDA:153,21,1,0
BRDA:179,22,0,0
BRDA:179,22,1,0
BRDA:209,23,0,0
BRDA:209,23,1,0
BRDA:210,24,0,0
BRDA:210,24,1,0
BRDA:216,25,0,0
BRDA:216,25,1,0
BRDA:219,26,0,0
BRDA:219,26,1,0
BRDA:222,27,0,0
BRDA:222,27,1,0
BRDA:225,28,0,0
BRDA:225,28,1,0
BRF:60
BRH:0
end_of_record
TN:
SF:src\context\AuthContext.jsx
FN:5,base64UrlDecode
FN:13,(anonymous_1)
FN:21,decodeJwt
FN:35,extractUserName
FN:48,extractIsAdmin
FN:61,isTokenExpired
FN:67,getValidStoredToken
FN:80,AuthProvider
FN:81,(anonymous_8)
FN:83,(anonymous_9)
FN:89,(anonymous_10)
FN:95,(anonymous_11)
FN:102,(anonymous_12)
FN:114,(anonymous_13)
FN:141,(anonymous_14)
FN:146,(anonymous_15)
FN:167,useAuth
FNF:17
FNH:0
FNDA:0,base64UrlDecode
FNDA:0,(anonymous_1)
FNDA:0,decodeJwt
FNDA:0,extractUserName
FNDA:0,extractIsAdmin
FNDA:0,isTokenExpired
FNDA:0,getValidStoredToken
FNDA:0,AuthProvider
FNDA:0,(anonymous_8)
FNDA:0,(anonymous_9)
FNDA:0,(anonymous_10)
FNDA:0,(anonymous_11)
FNDA:0,(anonymous_12)
FNDA:0,(anonymous_13)
FNDA:0,(anonymous_14)
FNDA:0,(anonymous_15)
FNDA:0,useAuth
DA:3,0
DA:6,0
DA:7,0
DA:9,0
DA:10,0
DA:13,0
DA:17,0
DA:22,0
DA:24,0
DA:25,0
DA:27,0
DA:28,0
DA:29,0
DA:31,0
DA:36,0
DA:38,0
DA:40,0
DA:41,0
DA:43,0
DA:45,0
DA:49,0
DA:51,0
DA:53,0
DA:54,0
DA:56,0
DA:58,0
DA:62,0
DA:63,0
DA:64,0
DA:68,0
DA:69,0
DA:71,0
DA:72,0
DA:73,0
DA:74,0
DA:77,0
DA:81,0
DA:83,0
DA:84,0
DA:85,0
DA:86,0
DA:89,0
DA:90,0
DA:91,0
DA:92,0
DA:95,0
DA:96,0
DA:97,0
DA:98,0
DA:99,0
DA:102,0
DA:103,0
DA:105,0
DA:106,0
DA:107,0
DA:110,0
DA:111,0
DA:114,0
DA:115,0
DA:116,0
DA:117,0
DA:118,0
DA:121,0
DA:123,0
DA:124,0
DA:125,0
DA:128,0
DA:129,0
DA:133,0
DA:134,0
DA:136,0
DA:137,0
DA:138,0
DA:141,0
DA:142,0
DA:146,0
DA:147,0
DA:151,0
DA:168,0
DA:169,0
DA:170,0
LF:81
LH:0
BRDA:22,0,0,0
BRDA:22,0,1,0
BRDA:25,1,0,0
BRDA:25,1,1,0
BRDA:36,2,0,0
BRDA:36,2,1,0
BRDA:38,3,0,0
BRDA:38,3,1,0
BRDA:41,4,0,0
BRDA:41,4,1,0
BRDA:43,5,0,0
BRDA:43,5,1,0
BRDA:49,6,0,0
BRDA:49,6,1,0
BRDA:53,7,0,0
BRDA:53,7,1,0
BRDA:54,8,0,0
BRDA:54,8,1,0
BRDA:56,9,0,0
BRDA:56,9,1,0
BRDA:62,10,0,0
BRDA:62,10,1,0
BRDA:68,11,0,0
BRDA:68,11,1,0
BRDA:69,12,0,0
BRDA:69,12,1,0
BRDA:72,13,0,0
BRDA:72,13,1,0
BRDA:72,14,0,0
BRDA:72,14,1,0
BRDA:105,15,0,0
BRDA:105,15,1,0
BRDA:105,16,0,0
BRDA:105,16,1,0
BRDA:115,17,0,0
BRDA:115,17,1,0
BRDA:123,18,0,0
BRDA:123,18,1,0
BRDA:123,19,0,0
BRDA:123,19,1,0
BRDA:133,20,0,0
BRDA:133,20,1,0
BRDA:136,21,0,0
BRDA:136,21,1,0
BRDA:147,22,0,0
BRDA:147,22,1,0
BRDA:169,23,0,0
BRDA:169,23,1,0
BRF:48
BRH:0
end_of_record
TN:
SF:src\pages\Characters.jsx
FN:4,(anonymous_0)
FNF:1
FNH:0
FNDA:0,(anonymous_0)
DA:4,0
DA:7,0
LF:2
LH:0
BRF:0
BRH:0
end_of_record
TN:
SF:src\pages\Home.jsx
FN:5,(anonymous_0)
FN:24,(anonymous_1)
FNF:2
FNH:0
FNDA:0,(anonymous_0)
FNDA:0,(anonymous_1)
DA:5,0
DA:6,0
DA:25,0
DA:26,0
LF:4
LH:0
BRF:0
BRH:0
end_of_record
TN:
SF:src\pages\Login.jsx
FN:4,(anonymous_0)
FNF:1
FNH:0
FNDA:0,(anonymous_0)
DA:4,0
DA:5,0
LF:2
LH:0
BRF:0
BRH:0
end_of_record
TN:
SF:src\services\authService.js
FN:3,loginRequest
FNF:1
FNH:0
FNDA:0,loginRequest
DA:1,0
DA:4,0
DA:10,0
DA:11,0
DA:12,0
DA:15,0
LF:6
LH:0
BRDA:10,0,0,0
BRDA:10,0,1,0
BRF:2
BRH:0
end_of_record
TN:
SF:src\services\newsService.js
FN:3,readError
FN:7,(anonymous_1)
FN:22,(anonymous_2)
FN:25,getNews
FN:38,createNews
FN:55,deleteNews
FNF:6
FNH:0
FNDA:0,readError
FNDA:0,(anonymous_1)
FNDA:0,(anonymous_2)
FNDA:0,getNews
FNDA:0,createNews
FNDA:0,deleteNews
DA:1,1
DA:4,0
DA:6,0
DA:7,0
DA:9,0
DA:11,0
DA:12,0
DA:15,0
DA:16,0
DA:19,0
DA:22,0
DA:26,0
DA:31,0
DA:32,0
DA:35,0
DA:39,0
DA:48,0
DA:49,0
DA:52,0
DA:56,0
DA:63,0
DA:64,0
LF:22
LH:1
BRDA:4,0,0,0
BRDA:4,0,1,0
BRDA:6,1,0,0
BRDA:6,1,1,0
BRDA:9,2,0,0
BRDA:9,2,1,0
BRDA:11,3,0,0
BRDA:11,3,1,0
BRDA:15,4,0,0
BRDA:15,4,1,0
BRDA:15,5,0,0
BRDA:15,5,1,0
BRDA:22,6,0,0
BRDA:22,6,1,0
BRDA:31,7,0,0
BRDA:31,7,1,0
BRDA:48,8,0,0
BRDA:48,8,1,0
BRDA:63,9,0,0
BRDA:63,9,1,0
BRF:20
BRH:0
end_of_record
